<?xml version="1.0" encoding="UTF-8"?>
<!-- Generated by org.testng.reporters.JUnitXMLReporter -->
<testsuite hostname="Yasmeen-PC" name="Default test" tests="3" failures="0" timestamp="31 Jul 2018 05:26:50 GMT" time="95.678" errors="0">
  <testcase name="createCampMapProduct" time="21.536" classname="com.crm.CampaignTest.CampaignTest"/>
  <testcase name="createCampTest" time="19.026" classname="com.crm.CampaignTest.CampaignTest"/>
  <testcase name="deleteCampaign" time="15.276" classname="com.crm.CampaignTest.CampaignTest"/>
</testsuite> <!-- Default test -->
