<?xml version="1.0" encoding="UTF-8"?>
<!-- Generated by org.testng.reporters.JUnitXMLReporter -->
<testsuite hostname="Yasmeen-PC" name="Test" tests="9" failures="0" timestamp="23 Jul 2018 14:50:22 GMT" time="588.158" errors="0">
  <testcase name="createCampMapProduct" time="26.725" classname="com.crm.CampaignTest.CampaignTest"/>
  <testcase name="createCampTest" time="26.216" classname="com.crm.CampaignTest.CampaignTest"/>
  <testcase name="deleteCampaign" time="18.822" classname="com.crm.CampaignTest.CampaignTest"/>
  <testcase name="createOrgTest" time="25.862" classname="com.crm.OrganizationTest.OrgTest"/>
  <testcase name="deleteOrg" time="24.237" classname="com.crm.OrganizationTest.OrgTest"/>
  <testcase name="editOrg" time="18.868" classname="com.crm.OrganizationTest.OrgTest"/>
  <testcase name="createSalesOrder" time="94.979" classname="com.crm.EndtoEnd.CreateSaleOrder1"/>
  <testcase name="createAcceptedQuote" time="97.759" classname="com.crm.EndtoEnd.CreateAcceptedQuote"/>
  <testcase name="createRejectedQuoteTest" time="96.817" classname="com.crm.EndtoEnd.CreateRejectedQuoteTest"/>
</testsuite> <!-- Test -->
