<?xml version="1.0" encoding="UTF-8"?>
<!-- Generated by org.testng.reporters.JUnitXMLReporter -->
<testsuite hostname="Yasmeen-PC" name="Test2" tests="3" failures="0" timestamp="20 Jul 2018 05:39:52 GMT" time="0.205" errors="0">
  <testcase name="@BeforeMethod login" time="0.0" classname="com.crm.OrganizationTest.OrgTest">
    <failure type="java.lang.NullPointerException">
      <![CDATA[java.lang.NullPointerException
	at com.crm.BaseClass.BaseClass.login(BaseClass.java:63)
... Removed 26 stack frames]]>
    </failure>
  </testcase> <!-- @BeforeMethod login -->
  <testcase name="@AfterMethod logout" time="0.0" classname="com.crm.OrganizationTest.OrgTest">
    <skipped/>
  </testcase> <!-- @AfterMethod logout -->
  <testcase name="@BeforeMethod login" time="0.0" classname="com.crm.OrganizationTest.OrgTest">
    <skipped/>
  </testcase> <!-- @BeforeMethod login -->
  <testcase name="@AfterMethod logout" time="0.0" classname="com.crm.OrganizationTest.OrgTest">
    <skipped/>
  </testcase> <!-- @AfterMethod logout -->
  <testcase name="@BeforeMethod login" time="0.0" classname="com.crm.OrganizationTest.OrgTest">
    <skipped/>
  </testcase> <!-- @BeforeMethod login -->
  <testcase name="@AfterMethod logout" time="0.0" classname="com.crm.OrganizationTest.OrgTest">
    <skipped/>
  </testcase> <!-- @AfterMethod logout -->
  <testcase name="@AfterClass closeBrowser" time="0.0" classname="com.crm.OrganizationTest.OrgTest">
    <skipped/>
  </testcase> <!-- @AfterClass closeBrowser -->
  <testcase name="createOrgTest" time="0.007" classname="com.crm.OrganizationTest.OrgTest">
    <skipped/>
  </testcase> <!-- createOrgTest -->
  <testcase name="deleteOrg" time="0.002" classname="com.crm.OrganizationTest.OrgTest">
    <skipped/>
  </testcase> <!-- deleteOrg -->
  <testcase name="editOrg" time="0.002" classname="com.crm.OrganizationTest.OrgTest">
    <skipped/>
  </testcase> <!-- editOrg -->
</testsuite> <!-- Test2 -->
